[2024-10-24 11:17:05,988] root - INFO - Model Recommendation Config: ModelRecommendationConfig(book_name_serialized_objects='artifacts\\serialized_objects\\book_names.pkl', book_pivot_serialized_objects='artifacts\\serialized_objects\\book_pivot.pkl', final_rating_serialized_objects='artifacts\\serialized_objects\\final_rating.pkl', trained_model_path='artifacts\\trained_model\\model.pkl')
[2024-10-24 11:17:21,145] root - INFO - Model Recommendation Config: ModelRecommendationConfig(book_name_serialized_objects='artifacts\\serialized_objects\\book_names.pkl', book_pivot_serialized_objects='artifacts\\serialized_objects\\book_pivot.pkl', final_rating_serialized_objects='artifacts\\serialized_objects\\final_rating.pkl', trained_model_path='artifacts\\trained_model\\model.pkl')
[2024-10-24 11:17:24,902] root - INFO - Model Recommendation Config: ModelRecommendationConfig(book_name_serialized_objects='artifacts\\serialized_objects\\book_names.pkl', book_pivot_serialized_objects='artifacts\\serialized_objects\\book_pivot.pkl', final_rating_serialized_objects='artifacts\\serialized_objects\\final_rating.pkl', trained_model_path='artifacts\\trained_model\\model.pkl')
[2024-10-24 11:17:30,225] root - INFO - Model Recommendation Config: ModelRecommendationConfig(book_name_serialized_objects='artifacts\\serialized_objects\\book_names.pkl', book_pivot_serialized_objects='artifacts\\serialized_objects\\book_pivot.pkl', final_rating_serialized_objects='artifacts\\serialized_objects\\final_rating.pkl', trained_model_path='artifacts\\trained_model\\model.pkl')
[2024-10-24 11:17:36,400] root - INFO - Model Recommendation Config: ModelRecommendationConfig(book_name_serialized_objects='artifacts\\serialized_objects\\book_names.pkl', book_pivot_serialized_objects='artifacts\\serialized_objects\\book_pivot.pkl', final_rating_serialized_objects='artifacts\\serialized_objects\\final_rating.pkl', trained_model_path='artifacts\\trained_model\\model.pkl')
[2024-10-24 11:17:45,770] root - INFO - Model Recommendation Config: ModelRecommendationConfig(book_name_serialized_objects='artifacts\\serialized_objects\\book_names.pkl', book_pivot_serialized_objects='artifacts\\serialized_objects\\book_pivot.pkl', final_rating_serialized_objects='artifacts\\serialized_objects\\final_rating.pkl', trained_model_path='artifacts\\trained_model\\model.pkl')
[2024-10-24 11:17:48,166] root - INFO - Model Recommendation Config: ModelRecommendationConfig(book_name_serialized_objects='artifacts\\serialized_objects\\book_names.pkl', book_pivot_serialized_objects='artifacts\\serialized_objects\\book_pivot.pkl', final_rating_serialized_objects='artifacts\\serialized_objects\\final_rating.pkl', trained_model_path='artifacts\\trained_model\\model.pkl')
[2024-10-24 11:21:14,039] root - INFO - Model Recommendation Config: ModelRecommendationConfig(book_name_serialized_objects='artifacts\\serialized_objects\\book_names.pkl', book_pivot_serialized_objects='artifacts\\serialized_objects\\book_pivot.pkl', final_rating_serialized_objects='artifacts\\serialized_objects\\final_rating.pkl', trained_model_path='artifacts\\trained_model\\model.pkl')
[2024-10-24 11:21:18,622] root - INFO - Model Recommendation Config: ModelRecommendationConfig(book_name_serialized_objects='artifacts\\serialized_objects\\book_names.pkl', book_pivot_serialized_objects='artifacts\\serialized_objects\\book_pivot.pkl', final_rating_serialized_objects='artifacts\\serialized_objects\\final_rating.pkl', trained_model_path='artifacts\\trained_model\\model.pkl')
[2024-10-24 11:21:20,101] root - INFO - Model Recommendation Config: ModelRecommendationConfig(book_name_serialized_objects='artifacts\\serialized_objects\\book_names.pkl', book_pivot_serialized_objects='artifacts\\serialized_objects\\book_pivot.pkl', final_rating_serialized_objects='artifacts\\serialized_objects\\final_rating.pkl', trained_model_path='artifacts\\trained_model\\model.pkl')
[2024-10-24 11:21:32,056] root - INFO - Model Recommendation Config: ModelRecommendationConfig(book_name_serialized_objects='artifacts\\serialized_objects\\book_names.pkl', book_pivot_serialized_objects='artifacts\\serialized_objects\\book_pivot.pkl', final_rating_serialized_objects='artifacts\\serialized_objects\\final_rating.pkl', trained_model_path='artifacts\\trained_model\\model.pkl')
[2024-10-24 11:21:33,299] root - INFO - Model Recommendation Config: ModelRecommendationConfig(book_name_serialized_objects='artifacts\\serialized_objects\\book_names.pkl', book_pivot_serialized_objects='artifacts\\serialized_objects\\book_pivot.pkl', final_rating_serialized_objects='artifacts\\serialized_objects\\final_rating.pkl', trained_model_path='artifacts\\trained_model\\model.pkl')
[2024-10-24 11:22:11,619] root - INFO - Model Recommendation Config: ModelRecommendationConfig(book_name_serialized_objects='artifacts\\serialized_objects\\book_names.pkl', book_pivot_serialized_objects='artifacts\\serialized_objects\\book_pivot.pkl', final_rating_serialized_objects='artifacts\\serialized_objects\\final_rating.pkl', trained_model_path='artifacts\\trained_model\\model.pkl')
[2024-10-24 11:22:14,185] root - INFO - Model Recommendation Config: ModelRecommendationConfig(book_name_serialized_objects='artifacts\\serialized_objects\\book_names.pkl', book_pivot_serialized_objects='artifacts\\serialized_objects\\book_pivot.pkl', final_rating_serialized_objects='artifacts\\serialized_objects\\final_rating.pkl', trained_model_path='artifacts\\trained_model\\model.pkl')
[2024-10-24 11:24:16,842] root - INFO - Model Recommendation Config: ModelRecommendationConfig(book_name_serialized_objects='artifacts\\serialized_objects\\book_names.pkl', book_pivot_serialized_objects='artifacts\\serialized_objects\\book_pivot.pkl', final_rating_serialized_objects='artifacts\\serialized_objects\\final_rating.pkl', trained_model_path='artifacts\\trained_model\\model.pkl')
[2024-10-24 11:24:20,678] root - INFO - Model Recommendation Config: ModelRecommendationConfig(book_name_serialized_objects='artifacts\\serialized_objects\\book_names.pkl', book_pivot_serialized_objects='artifacts\\serialized_objects\\book_pivot.pkl', final_rating_serialized_objects='artifacts\\serialized_objects\\final_rating.pkl', trained_model_path='artifacts\\trained_model\\model.pkl')
[2024-10-24 11:26:09,415] root - INFO - Model Recommendation Config: ModelRecommendationConfig(book_name_serialized_objects='artifacts\\serialized_objects\\book_names.pkl', book_pivot_serialized_objects='artifacts\\serialized_objects\\book_pivot.pkl', final_rating_serialized_objects='artifacts\\serialized_objects\\final_rating.pkl', trained_model_path='artifacts\\trained_model\\model.pkl')
[2024-10-24 11:26:09,416] root - INFO - ====================Data Ingestion log started.==================== 
[2024-10-24 11:26:09,416] root - INFO - Data Ingestion Config: DatasetConfig(dataset_download_url='https://github.com/entbappy/Branching-tutorial/raw/master/books_data.zip', raw_data_dir='artifacts\\dataset\\raw_data', ingested_dir='artifacts\\dataset\\ingested_data')
[2024-10-24 11:26:09,416] root - INFO - Data Validation Config: DataValidationConfig(clean_data_dir='artifacts\\dataset\\clean_data', books_csv_file='artifacts\\dataset\\ingested_data\\BX-Books.csv', ratings_csv_file='artifacts\\dataset\\ingested_data\\BX-Book-Ratings.csv', serialized_objects_dir='artifacts\\serialized_objects')
[2024-10-24 11:26:09,416] root - INFO - Data Transformation Config: DataTransformationConfig(clean_data_file_path='artifacts\\dataset\\clean_data\\clean_data.csv', transformed_data_dir='artifacts\\dataset\\transformed_data')
[2024-10-24 11:26:09,417] root - INFO - Data Validation Config: DataValidationConfig(clean_data_dir='artifacts\\dataset\\clean_data', books_csv_file='artifacts\\dataset\\ingested_data\\BX-Books.csv', ratings_csv_file='artifacts\\dataset\\ingested_data\\BX-Book-Ratings.csv', serialized_objects_dir='artifacts\\serialized_objects')
[2024-10-24 11:26:09,417] root - INFO - Model Trainer Config: ModelTrainerConfig(transformed_data_file_dir='artifacts\\dataset\\transformed_data\\transformed_data.pkl', trained_model_dir='artifacts\\trained_model', trained_model_name='model.pkl')
[2024-10-24 11:26:09,419] root - INFO - Downloading data from https://github.com/entbappy/Branching-tutorial/raw/master/books_data.zip into file artifacts\dataset\raw_data\books_data.zip
[2024-10-24 11:26:17,086] root - INFO - Model Recommendation Config: ModelRecommendationConfig(book_name_serialized_objects='artifacts\\serialized_objects\\book_names.pkl', book_pivot_serialized_objects='artifacts\\serialized_objects\\book_pivot.pkl', final_rating_serialized_objects='artifacts\\serialized_objects\\final_rating.pkl', trained_model_path='artifacts\\trained_model\\model.pkl')
[2024-10-24 11:26:17,088] root - INFO - ====================Data Ingestion log started.==================== 
[2024-10-24 11:26:17,088] root - INFO - Data Ingestion Config: DatasetConfig(dataset_download_url='https://github.com/entbappy/Branching-tutorial/raw/master/books_data.zip', raw_data_dir='artifacts\\dataset\\raw_data', ingested_dir='artifacts\\dataset\\ingested_data')
[2024-10-24 11:26:17,089] root - INFO - Data Validation Config: DataValidationConfig(clean_data_dir='artifacts\\dataset\\clean_data', books_csv_file='artifacts\\dataset\\ingested_data\\BX-Books.csv', ratings_csv_file='artifacts\\dataset\\ingested_data\\BX-Book-Ratings.csv', serialized_objects_dir='artifacts\\serialized_objects')
[2024-10-24 11:26:17,089] root - INFO - Data Transformation Config: DataTransformationConfig(clean_data_file_path='artifacts\\dataset\\clean_data\\clean_data.csv', transformed_data_dir='artifacts\\dataset\\transformed_data')
[2024-10-24 11:26:17,090] root - INFO - Data Validation Config: DataValidationConfig(clean_data_dir='artifacts\\dataset\\clean_data', books_csv_file='artifacts\\dataset\\ingested_data\\BX-Books.csv', ratings_csv_file='artifacts\\dataset\\ingested_data\\BX-Book-Ratings.csv', serialized_objects_dir='artifacts\\serialized_objects')
[2024-10-24 11:26:17,090] root - INFO - Model Trainer Config: ModelTrainerConfig(transformed_data_file_dir='artifacts\\dataset\\transformed_data\\transformed_data.pkl', trained_model_dir='artifacts\\trained_model', trained_model_name='model.pkl')
[2024-10-24 11:26:17,091] root - INFO - Downloading data from https://github.com/entbappy/Branching-tutorial/raw/master/books_data.zip into file artifacts\dataset\raw_data\books_data.zip
[2024-10-24 11:26:17,741] root - INFO - Downloaded data from https://github.com/entbappy/Branching-tutorial/raw/master/books_data.zip into file artifacts\dataset\raw_data\books_data.zip
[2024-10-24 11:26:29,133] root - INFO - Downloaded data from https://github.com/entbappy/Branching-tutorial/raw/master/books_data.zip into file artifacts\dataset\raw_data\books_data.zip
[2024-10-24 11:26:30,023] root - INFO - Extracting zip file: artifacts\dataset\raw_data\books_data.zip into dir: artifacts\dataset\ingested_data
[2024-10-24 11:26:30,023] root - INFO - ====================Data Ingestion log completed.==================== 


[2024-10-24 11:26:30,023] root - INFO - ====================Data Validation log started.==================== 
[2024-10-24 11:26:33,609] root - INFO -  Shape of ratings data file: (1149780, 3)
[2024-10-24 11:26:33,610] root - INFO -  Shape of books data file: (271360, 8)
[2024-10-24 11:26:35,625] root - INFO -  Shape of the final clean dataset: (59850, 9)
[2024-10-24 11:26:36,200] root - INFO - Saved cleaned data to artifacts\dataset\clean_data
[2024-10-24 11:26:36,248] root - INFO - Saved final_rating serialization object to artifacts\serialized_objects
[2024-10-24 11:26:36,382] root - INFO - ====================Data Validation log completed.==================== 


[2024-10-24 11:26:36,384] root - INFO - ====================Data Transformation log started.==================== 
[2024-10-24 11:26:36,715] root - INFO -  Shape of book pivot table: (742, 888)
[2024-10-24 11:26:36,736] root - INFO - Saved pivot table data to artifacts\dataset\transformed_data
[2024-10-24 11:26:36,739] root - INFO - Saved book_names serialization object to artifacts\serialized_objects
[2024-10-24 11:26:36,748] root - INFO - Saved book_pivot serialization object to artifacts\serialized_objects
[2024-10-24 11:26:36,749] root - INFO - ====================Data Transformation log completed.==================== 


[2024-10-24 11:26:36,749] root - INFO - ====================Model Trainer log started.==================== 
[2024-10-24 11:26:36,780] root - INFO - Saving final model to artifacts\trained_model\model.pkl
[2024-10-24 11:26:36,781] root - INFO - ====================Model Trainer log completed.==================== 


